This file contains any messages produced by compilers while
running configure, to aid debugging if configure makes a mistake.

It was created by configure, which was
generated by GNU Autoconf 2.61.  Invocation command line was

  $ ./configure --with-bindir=/home/theking/services --with-datadir=/home/theking/services --with-permissions=077

## --------- ##
## Platform. ##
## --------- ##

hostname = theking-desktop
uname -m = i686
uname -r = 2.6.27-9-generic
uname -s = Linux
uname -v = #1 SMP Thu Nov 20 21:57:00 UTC 2008

/usr/bin/uname -p = unknown
/bin/uname -X     = unknown

/bin/arch              = unknown
/usr/bin/arch -k       = unknown
/usr/convex/getsysinfo = unknown
/usr/bin/hostinfo      = unknown
/bin/machine           = unknown
/usr/bin/oslevel       = unknown
/bin/universe          = unknown

PATH: /usr/local/sbin
PATH: /usr/local/bin
PATH: /usr/sbin
PATH: /usr/bin
PATH: /sbin
PATH: /bin
PATH: /usr/games


## ----------- ##
## Core tests. ##
## ----------- ##

configure:1753: checking for gcc
configure:1769: found /usr/bin/gcc
configure:1780: result: gcc
configure:2018: checking for C compiler version
configure:2025: gcc --version >&5
gcc (Ubuntu 4.3.2-1ubuntu11) 4.3.2
Copyright (C) 2008 Free Software Foundation, Inc.
This is free software; see the source for copying conditions.  There is NO
warranty; not even for MERCHANTABILITY or FITNESS FOR A PARTICULAR PURPOSE.

configure:2028: $? = 0
configure:2035: gcc -v >&5
Using built-in specs.
Target: i486-linux-gnu
Configured with: ../src/configure -v --with-pkgversion='Ubuntu 4.3.2-1ubuntu11' --with-bugurl=file:///usr/share/doc/gcc-4.3/README.Bugs --enable-languages=c,c++,fortran,objc,obj-c++ --prefix=/usr --enable-shared --with-system-zlib --libexecdir=/usr/lib --without-included-gettext --enable-threads=posix --enable-nls --with-gxx-include-dir=/usr/include/c++/4.3 --program-suffix=-4.3 --enable-clocale=gnu --enable-libstdcxx-debug --enable-objc-gc --enable-mpfr --enable-targets=all --enable-checking=release --build=i486-linux-gnu --host=i486-linux-gnu --target=i486-linux-gnu
Thread model: posix
gcc version 4.3.2 (Ubuntu 4.3.2-1ubuntu11) 
configure:2038: $? = 0
configure:2045: gcc -V >&5
gcc: '-V' option must have argument
configure:2048: $? = 1
configure:2071: checking for C compiler default output file name
configure:2098: gcc    conftest.c  >&5
configure:2101: $? = 0
configure:2139: result: a.out
configure:2156: checking whether the C compiler works
configure:2166: ./a.out
configure:2169: $? = 0
configure:2186: result: yes
configure:2193: checking whether we are cross compiling
configure:2195: result: no
configure:2198: checking for suffix of executables
configure:2205: gcc -o conftest    conftest.c  >&5
configure:2208: $? = 0
configure:2232: result: 
configure:2238: checking for suffix of object files
configure:2264: gcc -c   conftest.c >&5
configure:2267: $? = 0
configure:2290: result: o
configure:2294: checking whether we are using the GNU C compiler
configure:2323: gcc -c   conftest.c >&5
configure:2329: $? = 0
configure:2346: result: yes
configure:2351: checking whether gcc accepts -g
configure:2381: gcc -c -g  conftest.c >&5
configure:2387: $? = 0
configure:2486: result: yes
configure:2503: checking for gcc option to accept ISO C89
configure:2577: gcc  -c -g -O2  conftest.c >&5
configure:2583: $? = 0
configure:2606: result: none needed
configure:2627: checking if gcc has a working -pipe
configure:2656: gcc -c -g -O2 -pipe  conftest.c >&5
configure:2662: $? = 0
configure:2679: result: yes
configure:2689: checking for rm
configure:2707: found /bin/rm
configure:2719: result: /bin/rm
configure:2729: checking for cp
configure:2747: found /bin/cp
configure:2759: result: /bin/cp
configure:2769: checking for touch
configure:2787: found /usr/bin/touch
configure:2799: result: /usr/bin/touch
configure:2809: checking for install
configure:2827: found /usr/bin/install
configure:2839: result: /usr/bin/install
configure:2847: checking for inet_ntoa in -lnsl
configure:2882: gcc -o conftest -pipe -g -O2   conftest.c -lnsl   >&5
configure:2888: $? = 0
configure:2906: result: yes
configure:2912: checking for socket in -lsocket
configure:2947: gcc -o conftest -pipe -g -O2   conftest.c -lsocket   >&5
/usr/bin/ld: cannot find -lsocket
collect2: ld returned 1 exit status
configure:2953: $? = 1
configure: failed program was:
| /* confdefs.h.  */
| #define PACKAGE_NAME ""
| #define PACKAGE_TARNAME ""
| #define PACKAGE_VERSION ""
| #define PACKAGE_STRING ""
| #define PACKAGE_BUGREPORT ""
| /* end confdefs.h.  */
| 
| /* Override any GCC internal prototype to avoid an error.
|    Use char because int might match the return type of a GCC
|    builtin and then its argument prototype would still apply.  */
| #ifdef __cplusplus
| extern "C"
| #endif
| char socket ();
| int
| main ()
| {
| return socket ();
|   ;
|   return 0;
| }
configure:2971: result: no
configure:2977: checking for res_query in -lresolv
configure:3012: gcc -o conftest -pipe -g -O2   conftest.c -lresolv   >&5
configure:3018: $? = 0
configure:3036: result: yes
configure:3042: checking for revoke in -lbsd
configure:3077: gcc -o conftest -pipe -g -O2   conftest.c -lbsd   >&5
/usr/bin/ld: cannot find -lbsd
collect2: ld returned 1 exit status
configure:3083: $? = 1
configure: failed program was:
| /* confdefs.h.  */
| #define PACKAGE_NAME ""
| #define PACKAGE_TARNAME ""
| #define PACKAGE_VERSION ""
| #define PACKAGE_STRING ""
| #define PACKAGE_BUGREPORT ""
| /* end confdefs.h.  */
| 
| /* Override any GCC internal prototype to avoid an error.
|    Use char because int might match the return type of a GCC
|    builtin and then its argument prototype would still apply.  */
| #ifdef __cplusplus
| extern "C"
| #endif
| char revoke ();
| int
| main ()
| {
| return revoke ();
|   ;
|   return 0;
| }
configure:3101: result: no
configure:3110: checking whether va_list assignments need array notation
configure:3142: gcc -o conftest -pipe -g -O2   conftest.c  >&5
configure:3145: $? = 0
configure:3151: ./conftest
configure:3154: $? = 0
configure:3181: result: no
configure:3211: checking for mysql_config
configure:3245: result: no
configure:3346: checking whether this is a bit or little endian system
configure:3378: gcc -o conftest -pipe -g -O2   conftest.c  >&5
configure:3381: $? = 0
configure:3387: ./conftest
configure:3390: $? = 1
configure: program exited with status 1
configure: failed program was:
| /* confdefs.h.  */
| #define PACKAGE_NAME ""
| #define PACKAGE_TARNAME ""
| #define PACKAGE_VERSION ""
| #define PACKAGE_STRING ""
| #define PACKAGE_BUGREPORT ""
| /* end confdefs.h.  */
| 
| int main()
| {
| 	short s = 1;
| 	short* ptr = &s;
| 	unsigned char c = *((char*)ptr);
| 	return c;
| }
| 
| 
configure:3409: result: little
configure:3426: checking how to run the C preprocessor
configure:3466: gcc -E  conftest.c
configure:3472: $? = 0
configure:3503: gcc -E  conftest.c
conftest.c:9:28: error: ac_nonexistent.h: No such file or directory
configure:3509: $? = 1
configure: failed program was:
| /* confdefs.h.  */
| #define PACKAGE_NAME ""
| #define PACKAGE_TARNAME ""
| #define PACKAGE_VERSION ""
| #define PACKAGE_STRING ""
| #define PACKAGE_BUGREPORT ""
| #define LITTLE_ENDIAN 1
| /* end confdefs.h.  */
| #include <ac_nonexistent.h>
configure:3542: result: gcc -E
configure:3571: gcc -E  conftest.c
configure:3577: $? = 0
configure:3608: gcc -E  conftest.c
conftest.c:9:28: error: ac_nonexistent.h: No such file or directory
configure:3614: $? = 1
configure: failed program was:
| /* confdefs.h.  */
| #define PACKAGE_NAME ""
| #define PACKAGE_TARNAME ""
| #define PACKAGE_VERSION ""
| #define PACKAGE_STRING ""
| #define PACKAGE_BUGREPORT ""
| #define LITTLE_ENDIAN 1
| /* end confdefs.h.  */
| #include <ac_nonexistent.h>
configure:3652: checking for grep that handles long lines and -e
configure:3726: result: /bin/grep
configure:3731: checking for egrep
configure:3809: result: /bin/grep -E
configure:3814: checking for ANSI C header files
configure:3844: gcc -c -pipe -g -O2  conftest.c >&5
configure:3850: $? = 0
configure:3949: gcc -o conftest -pipe -g -O2   conftest.c  >&5
configure:3952: $? = 0
configure:3958: ./conftest
configure:3961: $? = 0
configure:3978: result: yes
configure:4002: checking for sys/types.h
configure:4023: gcc -c -pipe -g -O2  conftest.c >&5
configure:4029: $? = 0
configure:4045: result: yes
configure:4002: checking for sys/stat.h
configure:4023: gcc -c -pipe -g -O2  conftest.c >&5
configure:4029: $? = 0
configure:4045: result: yes
configure:4002: checking for stdlib.h
configure:4023: gcc -c -pipe -g -O2  conftest.c >&5
configure:4029: $? = 0
configure:4045: result: yes
configure:4002: checking for string.h
configure:4023: gcc -c -pipe -g -O2  conftest.c >&5
configure:4029: $? = 0
configure:4045: result: yes
configure:4002: checking for memory.h
configure:4023: gcc -c -pipe -g -O2  conftest.c >&5
configure:4029: $? = 0
configure:4045: result: yes
configure:4002: checking for strings.h
configure:4023: gcc -c -pipe -g -O2  conftest.c >&5
configure:4029: $? = 0
configure:4045: result: yes
configure:4002: checking for inttypes.h
configure:4023: gcc -c -pipe -g -O2  conftest.c >&5
configure:4029: $? = 0
configure:4045: result: yes
configure:4002: checking for stdint.h
configure:4023: gcc -c -pipe -g -O2  conftest.c >&5
configure:4029: $? = 0
configure:4045: result: yes
configure:4002: checking for unistd.h
configure:4023: gcc -c -pipe -g -O2  conftest.c >&5
configure:4029: $? = 0
configure:4045: result: yes
configure:4058: checking for sys/types.h
configure:4063: result: yes
configure:4197: checking for dlopen
configure:4253: gcc -o conftest -pipe -g -O2   conftest.c  >&5
/tmp/ccc0aTa3.o: In function `main':
/home/theking/xanadu/conftest.c:54: undefined reference to `dlopen'
collect2: ld returned 1 exit status
configure:4259: $? = 1
configure: failed program was:
| /* confdefs.h.  */
| #define PACKAGE_NAME ""
| #define PACKAGE_TARNAME ""
| #define PACKAGE_VERSION ""
| #define PACKAGE_STRING ""
| #define PACKAGE_BUGREPORT ""
| #define LITTLE_ENDIAN 1
| #define STDC_HEADERS 1
| #define HAVE_SYS_TYPES_H 1
| #define HAVE_SYS_STAT_H 1
| #define HAVE_STDLIB_H 1
| #define HAVE_STRING_H 1
| #define HAVE_MEMORY_H 1
| #define HAVE_STRINGS_H 1
| #define HAVE_INTTYPES_H 1
| #define HAVE_STDINT_H 1
| #define HAVE_UNISTD_H 1
| #define HAS_SYS_TYPES_H 1
| /* end confdefs.h.  */
| /* Define dlopen to an innocuous variant, in case <limits.h> declares dlopen.
|    For example, HP-UX 11i <limits.h> declares gettimeofday.  */
| #define dlopen innocuous_dlopen
| 
| /* System header to define __stub macros and hopefully few prototypes,
|     which can conflict with char dlopen (); below.
|     Prefer <limits.h> to <assert.h> if __STDC__ is defined, since
|     <limits.h> exists even on freestanding compilers.  */
| 
| #ifdef __STDC__
| # include <limits.h>
| #else
| # include <assert.h>
| #endif
| 
| #undef dlopen
| 
| /* Override any GCC internal prototype to avoid an error.
|    Use char because int might match the return type of a GCC
|    builtin and then its argument prototype would still apply.  */
| #ifdef __cplusplus
| extern "C"
| #endif
| char dlopen ();
| /* The GNU C library defines this for functions which it implements
|     to always fail with ENOSYS.  Some functions are actually named
|     something starting with __ and the normal name is an alias.  */
| #if defined __stub_dlopen || defined __stub___dlopen
| choke me
| #endif
| 
| int
| main ()
| {
| return dlopen ();
|   ;
|   return 0;
| }
configure:4276: result: no
configure:4281: checking for dlopen in -ldl
configure:4316: gcc -o conftest -pipe -g -O2   conftest.c -ldl   >&5
configure:4322: $? = 0
configure:4340: result: yes
configure:4371: checking if we need the -export-dynamic flag
configure:4398: gcc -o conftest -pipe -g -O2 -export-dynamic   conftest.c  >&5
configure:4404: $? = 0
configure:4421: result: yes
configure:4427: checking for compiler option to produce PIC
configure:4454: result: -fPIC -DPIC -shared
configure:4470: checking if your system prepends an underscore on symbols
configure:4491: result: no
configure:4515: checking for short
configure:4545: gcc -c -pipe -g -O2 -export-dynamic  conftest.c >&5
configure:4551: $? = 0
configure:4566: result: yes
configure:4573: checking size of short
configure:4875: gcc -o conftest -pipe -g -O2 -export-dynamic   conftest.c  >&5
configure:4878: $? = 0
configure:4884: ./conftest
configure:4887: $? = 0
configure:4910: result: 2
configure:4920: checking for int
configure:4950: gcc -c -pipe -g -O2 -export-dynamic  conftest.c >&5
configure:4956: $? = 0
configure:4971: result: yes
configure:4978: checking size of int
configure:5280: gcc -o conftest -pipe -g -O2 -export-dynamic   conftest.c  >&5
configure:5283: $? = 0
configure:5289: ./conftest
configure:5292: $? = 0
configure:5315: result: 4
configure:5325: checking for long
configure:5355: gcc -c -pipe -g -O2 -export-dynamic  conftest.c >&5
configure:5361: $? = 0
configure:5376: result: yes
configure:5383: checking size of long
configure:5685: gcc -o conftest -pipe -g -O2 -export-dynamic   conftest.c  >&5
configure:5688: $? = 0
configure:5694: ./conftest
configure:5697: $? = 0
configure:5720: result: 4
configure:5858: checking for int16_t
configure:5888: gcc -c -pipe -g -O2 -export-dynamic  conftest.c >&5
configure:5894: $? = 0
configure:5909: result: yes
configure:5921: checking for u_int16_t
configure:5951: gcc -c -pipe -g -O2 -export-dynamic  conftest.c >&5
configure:5957: $? = 0
configure:5972: result: yes
configure:5990: checking for int32_t
configure:6020: gcc -c -pipe -g -O2 -export-dynamic  conftest.c >&5
configure:6026: $? = 0
configure:6041: result: yes
configure:6053: checking for u_int32_t
configure:6083: gcc -c -pipe -g -O2 -export-dynamic  conftest.c >&5
configure:6089: $? = 0
configure:6104: result: yes
configure:6378: checking for strings.h
configure:6383: result: yes
configure:6521: checking sys/select.h usability
configure:6538: gcc -c -pipe -g -O2 -export-dynamic  conftest.c >&5
configure:6544: $? = 0
configure:6558: result: yes
configure:6562: checking sys/select.h presence
configure:6577: gcc -E  conftest.c
configure:6583: $? = 0
configure:6597: result: yes
configure:6625: checking for sys/select.h
configure:6632: result: yes
configure:6655: checking execinfo.h usability
configure:6672: gcc -c -pipe -g -O2 -export-dynamic  conftest.c >&5
configure:6678: $? = 0
configure:6692: result: yes
configure:6696: checking execinfo.h presence
configure:6711: gcc -E  conftest.c
configure:6717: $? = 0
configure:6731: result: yes
configure:6759: checking for execinfo.h
configure:6766: result: yes
configure:6784: checking for strerror
configure:6840: gcc -o conftest -pipe -g -O2 -export-dynamic   conftest.c  >&5
configure:6846: $? = 0
configure:6864: result: yes
configure:6881: checking for sys_errlist
configure:6937: gcc -o conftest -pipe -g -O2 -export-dynamic   conftest.c  >&5
/tmp/ccqNN7ef.o: In function `main':
/home/theking/xanadu/conftest.c:65: warning: `sys_errlist' is deprecated; use `strerror' or `strerror_r' instead
configure:6943: $? = 0
configure:6961: result: yes
configure:6978: checking for snprintf
configure:7034: gcc -o conftest -pipe -g -O2 -export-dynamic   conftest.c  >&5
conftest.c:56: warning: conflicting types for built-in function 'snprintf'
configure:7040: $? = 0
configure:7058: result: yes
configure:7075: checking for stricmp
configure:7131: gcc -o conftest -pipe -g -O2 -export-dynamic   conftest.c  >&5
/tmp/ccDoinfL.o: In function `main':
/home/theking/xanadu/conftest.c:69: undefined reference to `stricmp'
collect2: ld returned 1 exit status
configure:7137: $? = 1
configure: failed program was:
| /* confdefs.h.  */
| #define PACKAGE_NAME ""
| #define PACKAGE_TARNAME ""
| #define PACKAGE_VERSION ""
| #define PACKAGE_STRING ""
| #define PACKAGE_BUGREPORT ""
| #define LITTLE_ENDIAN 1
| #define STDC_HEADERS 1
| #define HAVE_SYS_TYPES_H 1
| #define HAVE_SYS_STAT_H 1
| #define HAVE_STDLIB_H 1
| #define HAVE_STRING_H 1
| #define HAVE_MEMORY_H 1
| #define HAVE_STRINGS_H 1
| #define HAVE_INTTYPES_H 1
| #define HAVE_STDINT_H 1
| #define HAVE_UNISTD_H 1
| #define HAS_SYS_TYPES_H 1
| #define USE_MODULES 1
| #define DL_PREFIX ""
| #define USE_MODULES 1
| #define SIZEOF_SHORT 2
| #define SIZEOF_INT 4
| #define SIZEOF_LONG 4
| #define HAVE_STRINGS_H 1
| #define HAVE_SYS_SELECT_H 1
| #define HAVE_BACKTRACE 1
| #define HAVE_STRERROR 1
| #define HAVE_STRERROR 1
| #define HAVE_SYS_ERRLIST 1
| #define HAVE_SYS_ERRLIST 1
| #define HAVE_SNPRINTF 1
| #define HAVE_SNPRINTF 1
| /* end confdefs.h.  */
| /* Define stricmp to an innocuous variant, in case <limits.h> declares stricmp.
|    For example, HP-UX 11i <limits.h> declares gettimeofday.  */
| #define stricmp innocuous_stricmp
| 
| /* System header to define __stub macros and hopefully few prototypes,
|     which can conflict with char stricmp (); below.
|     Prefer <limits.h> to <assert.h> if __STDC__ is defined, since
|     <limits.h> exists even on freestanding compilers.  */
| 
| #ifdef __STDC__
| # include <limits.h>
| #else
| # include <assert.h>
| #endif
| 
| #undef stricmp
| 
| /* Override any GCC internal prototype to avoid an error.
|    Use char because int might match the return type of a GCC
|    builtin and then its argument prototype would still apply.  */
| #ifdef __cplusplus
| extern "C"
| #endif
| char stricmp ();
| /* The GNU C library defines this for functions which it implements
|     to always fail with ENOSYS.  Some functions are actually named
|     something starting with __ and the normal name is an alias.  */
| #if defined __stub_stricmp || defined __stub___stricmp
| choke me
| #endif
| 
| int
| main ()
| {
| return stricmp ();
|   ;
|   return 0;
| }
configure:7155: result: no
configure:7172: checking for strcasecmp
configure:7228: gcc -o conftest -pipe -g -O2 -export-dynamic   conftest.c  >&5
conftest.c:58: warning: conflicting types for built-in function 'strcasecmp'
configure:7234: $? = 0
configure:7252: result: yes
configure:7269: checking for strdup
configure:7325: gcc -o conftest -pipe -g -O2 -export-dynamic   conftest.c  >&5
conftest.c:60: warning: conflicting types for built-in function 'strdup'
configure:7331: $? = 0
configure:7349: result: yes
configure:7366: checking for strspn
configure:7422: gcc -o conftest -pipe -g -O2 -export-dynamic   conftest.c  >&5
conftest.c:62: warning: conflicting types for built-in function 'strspn'
configure:7428: $? = 0
configure:7446: result: yes
configure:7463: checking for strsignal
configure:7519: gcc -o conftest -pipe -g -O2 -export-dynamic   conftest.c  >&5
configure:7525: $? = 0
configure:7543: result: yes
configure:7560: checking for gettimeofday
configure:7616: gcc -o conftest -pipe -g -O2 -export-dynamic   conftest.c  >&5
configure:7622: $? = 0
configure:7640: result: yes
configure:7657: checking for setgrent
configure:7713: gcc -o conftest -pipe -g -O2 -export-dynamic   conftest.c  >&5
configure:7719: $? = 0
configure:7737: result: yes
configure:7754: checking for umask
configure:7810: gcc -o conftest -pipe -g -O2 -export-dynamic   conftest.c  >&5
configure:7816: $? = 0
configure:7834: result: yes
configure:7851: checking for fork
configure:7907: gcc -o conftest -pipe -g -O2 -export-dynamic   conftest.c  >&5
conftest.c:72: warning: conflicting types for built-in function 'fork'
configure:7913: $? = 0
configure:7931: result: yes
configure:7948: checking for gethostbyname
configure:8004: gcc -o conftest -pipe -g -O2 -export-dynamic   conftest.c  >&5
configure:8010: $? = 0
configure:8028: result: yes
configure:8045: checking for gethostbyname_r
configure:8101: gcc -o conftest -pipe -g -O2 -export-dynamic   conftest.c  >&5
configure:8107: $? = 0
configure:8125: result: yes
configure:8142: checking for strlcpy
configure:8198: gcc -o conftest -pipe -g -O2 -export-dynamic   conftest.c  >&5
/tmp/ccZ4QE0c.o: In function `main':
/home/theking/xanadu/conftest.c:89: undefined reference to `strlcpy'
collect2: ld returned 1 exit status
configure:8204: $? = 1
configure: failed program was:
| /* confdefs.h.  */
| #define PACKAGE_NAME ""
| #define PACKAGE_TARNAME ""
| #define PACKAGE_VERSION ""
| #define PACKAGE_STRING ""
| #define PACKAGE_BUGREPORT ""
| #define LITTLE_ENDIAN 1
| #define STDC_HEADERS 1
| #define HAVE_SYS_TYPES_H 1
| #define HAVE_SYS_STAT_H 1
| #define HAVE_STDLIB_H 1
| #define HAVE_STRING_H 1
| #define HAVE_MEMORY_H 1
| #define HAVE_STRINGS_H 1
| #define HAVE_INTTYPES_H 1
| #define HAVE_STDINT_H 1
| #define HAVE_UNISTD_H 1
| #define HAS_SYS_TYPES_H 1
| #define USE_MODULES 1
| #define DL_PREFIX ""
| #define USE_MODULES 1
| #define SIZEOF_SHORT 2
| #define SIZEOF_INT 4
| #define SIZEOF_LONG 4
| #define HAVE_STRINGS_H 1
| #define HAVE_SYS_SELECT_H 1
| #define HAVE_BACKTRACE 1
| #define HAVE_STRERROR 1
| #define HAVE_STRERROR 1
| #define HAVE_SYS_ERRLIST 1
| #define HAVE_SYS_ERRLIST 1
| #define HAVE_SNPRINTF 1
| #define HAVE_SNPRINTF 1
| #define HAVE_STRCASECMP 1
| #define HAVE_STRCASECMP 1
| #define HAVE_STRDUP 1
| #define HAVE_STRDUP 1
| #define HAVE_STRSPN 1
| #define HAVE_STRSPN 1
| #define HAVE_STRSIGNAL 1
| #define HAVE_STRSIGNAL 1
| #define HAVE_GETTIMEOFDAY 1
| #define HAVE_GETTIMEOFDAY 1
| #define HAVE_SETGRENT 1
| #define HAVE_SETGRENT 1
| #define HAVE_UMASK 1
| #define HAVE_UMASK 1
| #define HAVE_FORK 1
| #define HAVE_FORK 1
| #define HAVE_GETHOSTBYNAME 1
| #define HAVE_GETHOSTBYNAME 1
| #define HAVE_GETHOSTBYNAME_R 1
| #define HAVE_GETHOSTBYNAME_R 1
| /* end confdefs.h.  */
| /* Define strlcpy to an innocuous variant, in case <limits.h> declares strlcpy.
|    For example, HP-UX 11i <limits.h> declares gettimeofday.  */
| #define strlcpy innocuous_strlcpy
| 
| /* System header to define __stub macros and hopefully few prototypes,
|     which can conflict with char strlcpy (); below.
|     Prefer <limits.h> to <assert.h> if __STDC__ is defined, since
|     <limits.h> exists even on freestanding compilers.  */
| 
| #ifdef __STDC__
| # include <limits.h>
| #else
| # include <assert.h>
| #endif
| 
| #undef strlcpy
| 
| /* Override any GCC internal prototype to avoid an error.
|    Use char because int might match the return type of a GCC
|    builtin and then its argument prototype would still apply.  */
| #ifdef __cplusplus
| extern "C"
| #endif
| char strlcpy ();
| /* The GNU C library defines this for functions which it implements
|     to always fail with ENOSYS.  Some functions are actually named
|     something starting with __ and the normal name is an alias.  */
| #if defined __stub_strlcpy || defined __stub___strlcpy
| choke me
| #endif
| 
| int
| main ()
| {
| return strlcpy ();
|   ;
|   return 0;
| }
configure:8222: result: no
configure:8239: checking for strlcat
configure:8295: gcc -o conftest -pipe -g -O2 -export-dynamic   conftest.c  >&5
/tmp/cc34h7Jh.o: In function `main':
/home/theking/xanadu/conftest.c:89: undefined reference to `strlcat'
collect2: ld returned 1 exit status
configure:8301: $? = 1
configure: failed program was:
| /* confdefs.h.  */
| #define PACKAGE_NAME ""
| #define PACKAGE_TARNAME ""
| #define PACKAGE_VERSION ""
| #define PACKAGE_STRING ""
| #define PACKAGE_BUGREPORT ""
| #define LITTLE_ENDIAN 1
| #define STDC_HEADERS 1
| #define HAVE_SYS_TYPES_H 1
| #define HAVE_SYS_STAT_H 1
| #define HAVE_STDLIB_H 1
| #define HAVE_STRING_H 1
| #define HAVE_MEMORY_H 1
| #define HAVE_STRINGS_H 1
| #define HAVE_INTTYPES_H 1
| #define HAVE_STDINT_H 1
| #define HAVE_UNISTD_H 1
| #define HAS_SYS_TYPES_H 1
| #define USE_MODULES 1
| #define DL_PREFIX ""
| #define USE_MODULES 1
| #define SIZEOF_SHORT 2
| #define SIZEOF_INT 4
| #define SIZEOF_LONG 4
| #define HAVE_STRINGS_H 1
| #define HAVE_SYS_SELECT_H 1
| #define HAVE_BACKTRACE 1
| #define HAVE_STRERROR 1
| #define HAVE_STRERROR 1
| #define HAVE_SYS_ERRLIST 1
| #define HAVE_SYS_ERRLIST 1
| #define HAVE_SNPRINTF 1
| #define HAVE_SNPRINTF 1
| #define HAVE_STRCASECMP 1
| #define HAVE_STRCASECMP 1
| #define HAVE_STRDUP 1
| #define HAVE_STRDUP 1
| #define HAVE_STRSPN 1
| #define HAVE_STRSPN 1
| #define HAVE_STRSIGNAL 1
| #define HAVE_STRSIGNAL 1
| #define HAVE_GETTIMEOFDAY 1
| #define HAVE_GETTIMEOFDAY 1
| #define HAVE_SETGRENT 1
| #define HAVE_SETGRENT 1
| #define HAVE_UMASK 1
| #define HAVE_UMASK 1
| #define HAVE_FORK 1
| #define HAVE_FORK 1
| #define HAVE_GETHOSTBYNAME 1
| #define HAVE_GETHOSTBYNAME 1
| #define HAVE_GETHOSTBYNAME_R 1
| #define HAVE_GETHOSTBYNAME_R 1
| /* end confdefs.h.  */
| /* Define strlcat to an innocuous variant, in case <limits.h> declares strlcat.
|    For example, HP-UX 11i <limits.h> declares gettimeofday.  */
| #define strlcat innocuous_strlcat
| 
| /* System header to define __stub macros and hopefully few prototypes,
|     which can conflict with char strlcat (); below.
|     Prefer <limits.h> to <assert.h> if __STDC__ is defined, since
|     <limits.h> exists even on freestanding compilers.  */
| 
| #ifdef __STDC__
| # include <limits.h>
| #else
| # include <assert.h>
| #endif
| 
| #undef strlcat
| 
| /* Override any GCC internal prototype to avoid an error.
|    Use char because int might match the return type of a GCC
|    builtin and then its argument prototype would still apply.  */
| #ifdef __cplusplus
| extern "C"
| #endif
| char strlcat ();
| /* The GNU C library defines this for functions which it implements
|     to always fail with ENOSYS.  Some functions are actually named
|     something starting with __ and the normal name is an alias.  */
| #if defined __stub_strlcat || defined __stub___strlcat
| choke me
| #endif
| 
| int
| main ()
| {
| return strlcat ();
|   ;
|   return 0;
| }
configure:8319: result: no
configure:8511: creating ./config.status

## ---------------------- ##
## Running config.status. ##
## ---------------------- ##

This file was extended by config.status, which was
generated by GNU Autoconf 2.61.  Invocation command line was

  CONFIG_FILES    = 
  CONFIG_HEADERS  = 
  CONFIG_LINKS    = 
  CONFIG_COMMANDS = 
  $ ./config.status 

on theking-desktop

config.status:606: creating Makefile
config.status:606: creating src/bin/anoperc
config.status:606: creating include/sysconf.h

## ---------------- ##
## Cache variables. ##
## ---------------- ##

ac_cv_c_compiler_gnu=yes
ac_cv_env_CC_set=
ac_cv_env_CC_value=
ac_cv_env_CFLAGS_set=
ac_cv_env_CFLAGS_value=
ac_cv_env_CPPFLAGS_set=
ac_cv_env_CPPFLAGS_value=
ac_cv_env_CPP_set=
ac_cv_env_CPP_value=
ac_cv_env_LDFLAGS_set=
ac_cv_env_LDFLAGS_value=
ac_cv_env_LIBS_set=
ac_cv_env_LIBS_value=
ac_cv_env_build_alias_set=
ac_cv_env_build_alias_value=
ac_cv_env_host_alias_set=
ac_cv_env_host_alias_value=
ac_cv_env_target_alias_set=
ac_cv_env_target_alias_value=
ac_cv_export_dynamic=yes
ac_cv_func_dlopen=no
ac_cv_func_fork=yes
ac_cv_func_gethostbyname=yes
ac_cv_func_gethostbyname_r=yes
ac_cv_func_gettimeofday=yes
ac_cv_func_setgrent=yes
ac_cv_func_snprintf=yes
ac_cv_func_strcasecmp=yes
ac_cv_func_strdup=yes
ac_cv_func_strerror=yes
ac_cv_func_stricmp=no
ac_cv_func_strlcat=no
ac_cv_func_strlcpy=no
ac_cv_func_strsignal=yes
ac_cv_func_strspn=yes
ac_cv_func_sys_errlist=yes
ac_cv_func_umask=yes
ac_cv_header_execinfo_h=yes
ac_cv_header_inttypes_h=yes
ac_cv_header_memory_h=yes
ac_cv_header_stdc=yes
ac_cv_header_stdint_h=yes
ac_cv_header_stdlib_h=yes
ac_cv_header_string_h=yes
ac_cv_header_strings_h=yes
ac_cv_header_sys_select_h=yes
ac_cv_header_sys_stat_h=yes
ac_cv_header_sys_types_h=yes
ac_cv_header_unistd_h=yes
ac_cv_lib_bsd_revoke=no
ac_cv_lib_dl_dlopen=yes
ac_cv_lib_nsl_inet_ntoa=yes
ac_cv_lib_resolv_res_query=yes
ac_cv_lib_socket_socket=no
ac_cv_objext=o
ac_cv_path_CP=/bin/cp
ac_cv_path_EGREP='/bin/grep -E'
ac_cv_path_GREP=/bin/grep
ac_cv_path_INSTALL=/usr/bin/install
ac_cv_path_MYSQLCONF=
ac_cv_path_RM=/bin/rm
ac_cv_path_TOUCH=/usr/bin/touch
ac_cv_pic='-fPIC -DPIC -shared'
ac_cv_pipe=yes
ac_cv_prog_CPP='gcc -E'
ac_cv_prog_ac_ct_CC=gcc
ac_cv_prog_cc_c89=
ac_cv_prog_cc_g=yes
ac_cv_sizeof_int=4
ac_cv_sizeof_long=4
ac_cv_sizeof_short=2
ac_cv_type_int16_t=yes
ac_cv_type_int32_t=yes
ac_cv_type_int=yes
ac_cv_type_long=yes
ac_cv_type_short=yes
ac_cv_type_u_int16_t=yes
ac_cv_type_u_int32_t=yes
ac_cv_underscore=no
ac_cv_valistisarray=false

## ----------------- ##
## Output variables. ##
## ----------------- ##

ANOPELIBS='-lnsl -lresolv  -ldl'
BINDEST='/home/theking/services'
CC='gcc'
CFLAGS='-pipe -g -O2 -export-dynamic'
CP='/bin/cp'
CPP='gcc -E'
CPPFLAGS=''
DATDEST='/home/theking/services'
DEFS='-DHAVE_CONFIG_H'
ECHO_C=''
ECHO_N='-n'
ECHO_T=''
EGREP='/bin/grep -E'
EXEEXT=''
GREP='/bin/grep'
INSTALL='/usr/bin/install'
LDFLAGS=''
LIBOBJS=''
LIBS=''
LTLIBOBJS=''
MODULEFLAGS='-fPIC -DPIC -shared'
MODULE_PATH='/home/theking/services/modules/'
MYSQL=''
MYSQLCONF=''
OBJEXT='o'
PACKAGE_BUGREPORT=''
PACKAGE_NAME=''
PACKAGE_STRING=''
PACKAGE_TARNAME=''
PACKAGE_VERSION=''
PATH_SEPARATOR=':'
RDB=''
RM='/bin/rm'
RUNGROUP=''
SHARED='-shared'
SHELL='/bin/bash'
TOUCH='/usr/bin/touch'
ac_ct_CC='gcc'
bindir='${exec_prefix}/bin'
build_alias=''
datadir='${datarootdir}'
datarootdir='${prefix}/share'
docdir='${datarootdir}/doc/${PACKAGE}'
dvidir='${docdir}'
exec_prefix='${prefix}'
host_alias=''
htmldir='${docdir}'
includedir='${prefix}/include'
infodir='${datarootdir}/info'
libdir='${exec_prefix}/lib'
libexecdir='${exec_prefix}/libexec'
localedir='${datarootdir}/locale'
localstatedir='${prefix}/var'
mandir='${datarootdir}/man'
oldincludedir='/usr/include'
pdfdir='${docdir}'
prefix='/usr/local'
program_transform_name='s,x,x,'
psdir='${docdir}'
sbindir='${exec_prefix}/sbin'
sharedstatedir='${prefix}/com'
sysconfdir='${prefix}/etc'
target_alias=''

## ----------- ##
## confdefs.h. ##
## ----------- ##

#define PACKAGE_NAME ""
#define PACKAGE_TARNAME ""
#define PACKAGE_VERSION ""
#define PACKAGE_STRING ""
#define PACKAGE_BUGREPORT ""
#define LITTLE_ENDIAN 1
#define STDC_HEADERS 1
#define HAVE_SYS_TYPES_H 1
#define HAVE_SYS_STAT_H 1
#define HAVE_STDLIB_H 1
#define HAVE_STRING_H 1
#define HAVE_MEMORY_H 1
#define HAVE_STRINGS_H 1
#define HAVE_INTTYPES_H 1
#define HAVE_STDINT_H 1
#define HAVE_UNISTD_H 1
#define HAS_SYS_TYPES_H 1
#define USE_MODULES 1
#define DL_PREFIX ""
#define USE_MODULES 1
#define SIZEOF_SHORT 2
#define SIZEOF_INT 4
#define SIZEOF_LONG 4
#define HAVE_STRINGS_H 1
#define HAVE_SYS_SELECT_H 1
#define HAVE_BACKTRACE 1
#define HAVE_STRERROR 1
#define HAVE_STRERROR 1
#define HAVE_SYS_ERRLIST 1
#define HAVE_SYS_ERRLIST 1
#define HAVE_SNPRINTF 1
#define HAVE_SNPRINTF 1
#define HAVE_STRCASECMP 1
#define HAVE_STRCASECMP 1
#define HAVE_STRDUP 1
#define HAVE_STRDUP 1
#define HAVE_STRSPN 1
#define HAVE_STRSPN 1
#define HAVE_STRSIGNAL 1
#define HAVE_STRSIGNAL 1
#define HAVE_GETTIMEOFDAY 1
#define HAVE_GETTIMEOFDAY 1
#define HAVE_SETGRENT 1
#define HAVE_SETGRENT 1
#define HAVE_UMASK 1
#define HAVE_UMASK 1
#define HAVE_FORK 1
#define HAVE_FORK 1
#define HAVE_GETHOSTBYNAME 1
#define HAVE_GETHOSTBYNAME 1
#define HAVE_GETHOSTBYNAME_R 1
#define HAVE_GETHOSTBYNAME_R 1
#define DEFUMASK 077
#define SERVICES_BIN "/home/theking/services/services"
#define SERVICES_DIR "/home/theking/services"
#define MODULE_PATH "/home/theking/services/modules/"

configure: exit 0
